{"/Users/naily/Profiles/Naily/Projects/function-decorator/packages/extended-oxc-parser/src/enhancer.ts": {"path":"/Users/naily/Profiles/Naily/Projects/function-decorator/packages/extended-oxc-parser/src/enhancer.ts","all":false,"statementMap":{"0":{"start":{"line":1,"column":0},"end":{"line":1,"column":65}},"15":{"start":{"line":16,"column":0},"end":{"line":16,"column":124}},"16":{"start":{"line":17,"column":0},"end":{"line":17,"column":28}},"17":{"start":{"line":18,"column":0},"end":{"line":18,"column":24}},"18":{"start":{"line":19,"column":0},"end":{"line":19,"column":20}},"19":{"start":{"line":20,"column":0},"end":{"line":20,"column":59}},"20":{"start":{"line":21,"column":0},"end":{"line":21,"column":70}},"21":{"start":{"line":22,"column":0},"end":{"line":22,"column":101}},"22":{"start":{"line":23,"column":0},"end":{"line":23,"column":23}},"23":{"start":{"line":24,"column":0},"end":{"line":24,"column":105}},"24":{"start":{"line":25,"column":0},"end":{"line":25,"column":6}},"25":{"start":{"line":26,"column":0},"end":{"line":26,"column":4}},"26":{"start":{"line":27,"column":0},"end":{"line":27,"column":65}},"27":{"start":{"line":28,"column":0},"end":{"line":28,"column":1}},"29":{"start":{"line":30,"column":0},"end":{"line":30,"column":68}},"31":{"start":{"line":32,"column":0},"end":{"line":32,"column":105}},"32":{"start":{"line":33,"column":0},"end":{"line":33,"column":36}},"34":{"start":{"line":35,"column":0},"end":{"line":35,"column":48}},"35":{"start":{"line":36,"column":0},"end":{"line":36,"column":11}},"36":{"start":{"line":37,"column":0},"end":{"line":37,"column":58}},"37":{"start":{"line":38,"column":0},"end":{"line":38,"column":56}},"38":{"start":{"line":39,"column":0},"end":{"line":39,"column":57}},"42":{"start":{"line":43,"column":0},"end":{"line":43,"column":99}},"43":{"start":{"line":44,"column":0},"end":{"line":44,"column":106}},"44":{"start":{"line":45,"column":0},"end":{"line":45,"column":38}},"46":{"start":{"line":47,"column":0},"end":{"line":47,"column":21}},"47":{"start":{"line":48,"column":0},"end":{"line":48,"column":28}},"48":{"start":{"line":49,"column":0},"end":{"line":49,"column":24}},"49":{"start":{"line":50,"column":0},"end":{"line":50,"column":24}},"50":{"start":{"line":51,"column":0},"end":{"line":51,"column":48}},"51":{"start":{"line":52,"column":0},"end":{"line":52,"column":6}},"52":{"start":{"line":53,"column":0},"end":{"line":53,"column":3}},"54":{"start":{"line":55,"column":0},"end":{"line":55,"column":19}},"55":{"start":{"line":56,"column":0},"end":{"line":56,"column":1}}},"s":{"0":1,"15":1,"16":1,"17":1,"18":1,"19":1,"20":1,"21":1,"22":1,"23":1,"24":1,"25":1,"26":1,"27":1,"29":1,"31":1,"32":1,"34":1,"35":1,"36":1,"37":1,"38":1,"42":1,"43":1,"44":1,"46":1,"47":1,"48":1,"49":1,"50":1,"51":1,"52":1,"54":1,"55":1},"branchMap":{"0":{"type":"branch","line":16,"loc":{"start":{"line":16,"column":7},"end":{"line":28,"column":1}},"locations":[{"start":{"line":16,"column":7},"end":{"line":28,"column":1}}]},"1":{"type":"branch","line":19,"loc":{"start":{"line":19,"column":4},"end":{"line":25,"column":6}},"locations":[{"start":{"line":19,"column":4},"end":{"line":25,"column":6}}]},"2":{"type":"branch","line":22,"loc":{"start":{"line":22,"column":45},"end":{"line":22,"column":87}},"locations":[{"start":{"line":22,"column":45},"end":{"line":22,"column":87}}]},"3":{"type":"branch","line":23,"loc":{"start":{"line":23,"column":17},"end":{"line":23,"column":23}},"locations":[{"start":{"line":23,"column":17},"end":{"line":23,"column":23}}]},"4":{"type":"branch","line":24,"loc":{"start":{"line":24,"column":49},"end":{"line":24,"column":91}},"locations":[{"start":{"line":24,"column":49},"end":{"line":24,"column":91}}]},"5":{"type":"branch","line":30,"loc":{"start":{"line":30,"column":22},"end":{"line":30,"column":68}},"locations":[{"start":{"line":30,"column":22},"end":{"line":30,"column":68}}]},"6":{"type":"branch","line":32,"loc":{"start":{"line":32,"column":0},"end":{"line":56,"column":1}},"locations":[{"start":{"line":32,"column":0},"end":{"line":56,"column":1}}]},"7":{"type":"branch","line":45,"loc":{"start":{"line":45,"column":30},"end":{"line":45,"column":38}},"locations":[{"start":{"line":45,"column":30},"end":{"line":45,"column":38}}]},"8":{"type":"branch","line":44,"loc":{"start":{"line":44,"column":62},"end":{"line":44,"column":105}},"locations":[{"start":{"line":44,"column":62},"end":{"line":44,"column":105}}]}},"b":{"0":[1],"1":[1],"2":[0],"3":[0],"4":[0],"5":[1],"6":[1],"7":[0],"8":[1]},"fnMap":{"0":{"name":"enhanceProgram","decl":{"start":{"line":16,"column":7},"end":{"line":28,"column":1}},"loc":{"start":{"line":16,"column":7},"end":{"line":28,"column":1}},"line":16},"1":{"name":"Function","decl":{"start":{"line":19,"column":4},"end":{"line":25,"column":6}},"loc":{"start":{"line":19,"column":4},"end":{"line":25,"column":6}},"line":19},"2":{"name":"generateSpace","decl":{"start":{"line":30,"column":22},"end":{"line":30,"column":68}},"loc":{"start":{"line":30,"column":22},"end":{"line":30,"column":68}},"line":30},"3":{"name":"generateDecorators","decl":{"start":{"line":32,"column":0},"end":{"line":56,"column":1}},"loc":{"start":{"line":32,"column":0},"end":{"line":56,"column":1}},"line":32}},"f":{"0":1,"1":1,"2":1,"3":1}}
,"/Users/naily/Profiles/Naily/Projects/function-decorator/packages/extended-oxc-parser/src/index.ts": {"path":"/Users/naily/Profiles/Naily/Projects/function-decorator/packages/extended-oxc-parser/src/index.ts","all":false,"statementMap":{"0":{"start":{"line":1,"column":0},"end":{"line":1,"column":71}}},"s":{"0":1},"branchMap":{},"b":{},"fnMap":{},"f":{}}
,"/Users/naily/Profiles/Naily/Projects/function-decorator/packages/extended-oxc-parser/src/transformer.ts": {"path":"/Users/naily/Profiles/Naily/Projects/function-decorator/packages/extended-oxc-parser/src/transformer.ts","all":false,"statementMap":{"0":{"start":{"line":1,"column":0},"end":{"line":1,"column":51}},"4":{"start":{"line":5,"column":0},"end":{"line":5,"column":132}},"5":{"start":{"line":6,"column":0},"end":{"line":6,"column":37}},"6":{"start":{"line":7,"column":0},"end":{"line":7,"column":46}},"8":{"start":{"line":9,"column":0},"end":{"line":9,"column":21}},"9":{"start":{"line":10,"column":0},"end":{"line":10,"column":28}},"10":{"start":{"line":11,"column":0},"end":{"line":11,"column":101}},"11":{"start":{"line":12,"column":0},"end":{"line":12,"column":14}},"12":{"start":{"line":13,"column":0},"end":{"line":13,"column":26}},"13":{"start":{"line":14,"column":0},"end":{"line":14,"column":100}},"15":{"start":{"line":16,"column":0},"end":{"line":16,"column":48}},"16":{"start":{"line":17,"column":0},"end":{"line":17,"column":104}},"17":{"start":{"line":18,"column":0},"end":{"line":18,"column":201}},"18":{"start":{"line":19,"column":0},"end":{"line":19,"column":7}},"20":{"start":{"line":21,"column":0},"end":{"line":21,"column":47}},"21":{"start":{"line":22,"column":0},"end":{"line":22,"column":71}},"22":{"start":{"line":23,"column":0},"end":{"line":23,"column":68}},"23":{"start":{"line":24,"column":0},"end":{"line":24,"column":6}},"24":{"start":{"line":25,"column":0},"end":{"line":25,"column":4}},"26":{"start":{"line":27,"column":0},"end":{"line":27,"column":23}},"27":{"start":{"line":28,"column":0},"end":{"line":28,"column":1}}},"s":{"0":1,"4":1,"5":1,"6":1,"8":1,"9":1,"10":1,"11":1,"12":1,"13":1,"15":1,"16":1,"17":1,"18":1,"20":1,"21":1,"22":1,"23":1,"24":1,"26":1,"27":1},"branchMap":{"0":{"type":"branch","line":5,"loc":{"start":{"line":5,"column":7},"end":{"line":28,"column":1}},"locations":[{"start":{"line":5,"column":7},"end":{"line":28,"column":1}}]},"1":{"type":"branch","line":10,"loc":{"start":{"line":10,"column":4},"end":{"line":24,"column":6}},"locations":[{"start":{"line":10,"column":4},"end":{"line":24,"column":6}}]},"2":{"type":"branch","line":12,"loc":{"start":{"line":12,"column":8},"end":{"line":12,"column":14}},"locations":[{"start":{"line":12,"column":8},"end":{"line":12,"column":14}}]},"3":{"type":"branch","line":13,"loc":{"start":{"line":13,"column":20},"end":{"line":13,"column":26}},"locations":[{"start":{"line":13,"column":20},"end":{"line":13,"column":26}}]},"4":{"type":"branch","line":14,"loc":{"start":{"line":14,"column":94},"end":{"line":14,"column":100}},"locations":[{"start":{"line":14,"column":94},"end":{"line":14,"column":100}}]}},"b":{"0":[1],"1":[1],"2":[0],"3":[0],"4":[0]},"fnMap":{"0":{"name":"transformFnDecoratorProgram","decl":{"start":{"line":5,"column":7},"end":{"line":28,"column":1}},"loc":{"start":{"line":5,"column":7},"end":{"line":28,"column":1}},"line":5},"1":{"name":"Function","decl":{"start":{"line":10,"column":4},"end":{"line":24,"column":6}},"loc":{"start":{"line":10,"column":4},"end":{"line":24,"column":6}},"line":10}},"f":{"0":1,"1":1}}
,"/Users/naily/Profiles/Naily/Projects/function-decorator/packages/extended-oxc-parser/src/walk.ts": {"path":"/Users/naily/Profiles/Naily/Projects/function-decorator/packages/extended-oxc-parser/src/walk.ts","all":false,"statementMap":{"36":{"start":{"line":37,"column":0},"end":{"line":37,"column":72}},"37":{"start":{"line":38,"column":0},"end":{"line":38,"column":88}},"38":{"start":{"line":39,"column":0},"end":{"line":39,"column":45}},"39":{"start":{"line":40,"column":0},"end":{"line":40,"column":49}},"40":{"start":{"line":41,"column":0},"end":{"line":41,"column":38}},"41":{"start":{"line":42,"column":0},"end":{"line":42,"column":5}},"42":{"start":{"line":43,"column":0},"end":{"line":43,"column":55}},"43":{"start":{"line":44,"column":0},"end":{"line":44,"column":77}},"44":{"start":{"line":45,"column":0},"end":{"line":45,"column":55}},"45":{"start":{"line":46,"column":0},"end":{"line":46,"column":38}},"46":{"start":{"line":47,"column":0},"end":{"line":47,"column":5}},"47":{"start":{"line":48,"column":0},"end":{"line":48,"column":54}},"48":{"start":{"line":49,"column":0},"end":{"line":49,"column":75}},"49":{"start":{"line":50,"column":0},"end":{"line":50,"column":55}},"50":{"start":{"line":51,"column":0},"end":{"line":51,"column":38}},"51":{"start":{"line":52,"column":0},"end":{"line":52,"column":5}},"52":{"start":{"line":53,"column":0},"end":{"line":53,"column":53}},"53":{"start":{"line":54,"column":0},"end":{"line":54,"column":73}},"54":{"start":{"line":55,"column":0},"end":{"line":55,"column":55}},"55":{"start":{"line":56,"column":0},"end":{"line":56,"column":38}},"56":{"start":{"line":57,"column":0},"end":{"line":57,"column":5}},"57":{"start":{"line":58,"column":0},"end":{"line":58,"column":65}},"58":{"start":{"line":59,"column":0},"end":{"line":59,"column":97}},"59":{"start":{"line":60,"column":0},"end":{"line":60,"column":55}},"60":{"start":{"line":61,"column":0},"end":{"line":61,"column":38}},"61":{"start":{"line":62,"column":0},"end":{"line":62,"column":5}},"62":{"start":{"line":63,"column":0},"end":{"line":63,"column":49}},"63":{"start":{"line":64,"column":0},"end":{"line":64,"column":65}},"64":{"start":{"line":65,"column":0},"end":{"line":65,"column":38}},"65":{"start":{"line":66,"column":0},"end":{"line":66,"column":5}},"66":{"start":{"line":67,"column":0},"end":{"line":67,"column":52}},"67":{"start":{"line":68,"column":0},"end":{"line":68,"column":71}},"68":{"start":{"line":69,"column":0},"end":{"line":69,"column":38}},"69":{"start":{"line":70,"column":0},"end":{"line":70,"column":5}},"70":{"start":{"line":71,"column":0},"end":{"line":71,"column":10}},"71":{"start":{"line":72,"column":0},"end":{"line":72,"column":38}},"72":{"start":{"line":73,"column":0},"end":{"line":73,"column":5}},"75":{"start":{"line":76,"column":0},"end":{"line":76,"column":33}},"76":{"start":{"line":77,"column":0},"end":{"line":77,"column":46}},"77":{"start":{"line":78,"column":0},"end":{"line":78,"column":62}},"78":{"start":{"line":79,"column":0},"end":{"line":79,"column":16}},"80":{"start":{"line":81,"column":0},"end":{"line":81,"column":37}},"81":{"start":{"line":82,"column":0},"end":{"line":82,"column":39}},"82":{"start":{"line":83,"column":0},"end":{"line":83,"column":65}},"83":{"start":{"line":84,"column":0},"end":{"line":84,"column":9}},"84":{"start":{"line":85,"column":0},"end":{"line":85,"column":7}},"85":{"start":{"line":86,"column":0},"end":{"line":86,"column":75}},"86":{"start":{"line":87,"column":0},"end":{"line":87,"column":68}},"87":{"start":{"line":88,"column":0},"end":{"line":88,"column":7}},"88":{"start":{"line":89,"column":0},"end":{"line":89,"column":5}},"89":{"start":{"line":90,"column":0},"end":{"line":90,"column":3}},"91":{"start":{"line":92,"column":0},"end":{"line":92,"column":38}},"92":{"start":{"line":93,"column":0},"end":{"line":93,"column":23}},"93":{"start":{"line":94,"column":0},"end":{"line":94,"column":3}},"94":{"start":{"line":95,"column":0},"end":{"line":95,"column":1}},"100":{"start":{"line":101,"column":0},"end":{"line":101,"column":115}},"101":{"start":{"line":102,"column":0},"end":{"line":102,"column":51}},"103":{"start":{"line":104,"column":0},"end":{"line":104,"column":27}},"104":{"start":{"line":105,"column":0},"end":{"line":105,"column":41}},"105":{"start":{"line":106,"column":0},"end":{"line":106,"column":14}},"107":{"start":{"line":108,"column":0},"end":{"line":108,"column":27}},"108":{"start":{"line":109,"column":0},"end":{"line":109,"column":99}},"109":{"start":{"line":110,"column":0},"end":{"line":110,"column":3}},"111":{"start":{"line":112,"column":0},"end":{"line":112,"column":15}},"112":{"start":{"line":113,"column":0},"end":{"line":113,"column":1}},"114":{"start":{"line":115,"column":0},"end":{"line":115,"column":112}},"115":{"start":{"line":116,"column":0},"end":{"line":116,"column":34}},"116":{"start":{"line":117,"column":0},"end":{"line":117,"column":21}},"117":{"start":{"line":118,"column":0},"end":{"line":118,"column":21}},"118":{"start":{"line":119,"column":0},"end":{"line":119,"column":15}},"119":{"start":{"line":120,"column":0},"end":{"line":120,"column":18}},"120":{"start":{"line":121,"column":0},"end":{"line":121,"column":14}},"122":{"start":{"line":123,"column":0},"end":{"line":123,"column":77}},"123":{"start":{"line":124,"column":0},"end":{"line":124,"column":32}},"124":{"start":{"line":125,"column":0},"end":{"line":125,"column":7}},"125":{"start":{"line":126,"column":0},"end":{"line":126,"column":12}},"126":{"start":{"line":127,"column":0},"end":{"line":127,"column":22}},"127":{"start":{"line":128,"column":0},"end":{"line":128,"column":7}},"128":{"start":{"line":129,"column":0},"end":{"line":129,"column":6}},"129":{"start":{"line":130,"column":0},"end":{"line":130,"column":4}},"131":{"start":{"line":132,"column":0},"end":{"line":132,"column":22}},"132":{"start":{"line":133,"column":0},"end":{"line":133,"column":1}}},"s":{"36":1,"37":3,"38":19,"39":0,"40":0,"41":0,"42":19,"43":3,"44":3,"45":3,"46":3,"47":16,"48":0,"49":0,"50":0,"51":0,"52":16,"53":0,"54":0,"55":0,"56":0,"57":16,"58":0,"59":0,"60":0,"61":0,"62":16,"63":0,"64":0,"65":0,"66":16,"67":0,"68":0,"69":0,"70":16,"71":16,"72":16,"75":19,"76":120,"77":120,"78":120,"80":120,"81":14,"82":2,"83":2,"84":14,"85":14,"86":14,"87":14,"88":120,"89":19,"91":3,"92":3,"93":3,"94":3,"100":1,"101":0,"103":0,"104":0,"105":0,"107":0,"108":0,"109":0,"111":0,"112":0,"114":1,"115":1,"116":1,"117":1,"118":1,"119":5,"120":5,"122":5,"123":0,"124":0,"125":1,"126":1,"127":1,"128":5,"129":1,"131":1,"132":1},"branchMap":{"0":{"type":"branch","line":37,"loc":{"start":{"line":37,"column":7},"end":{"line":95,"column":1}},"locations":[{"start":{"line":37,"column":7},"end":{"line":95,"column":1}}]},"1":{"type":"branch","line":38,"loc":{"start":{"line":38,"column":2},"end":{"line":90,"column":3}},"locations":[{"start":{"line":38,"column":2},"end":{"line":90,"column":3}}]},"2":{"type":"branch","line":39,"loc":{"start":{"line":39,"column":44},"end":{"line":42,"column":5}},"locations":[{"start":{"line":39,"column":44},"end":{"line":42,"column":5}}]},"3":{"type":"branch","line":43,"loc":{"start":{"line":43,"column":54},"end":{"line":47,"column":5}},"locations":[{"start":{"line":43,"column":54},"end":{"line":47,"column":5}}]},"4":{"type":"branch","line":44,"loc":{"start":{"line":44,"column":15},"end":{"line":44,"column":77}},"locations":[{"start":{"line":44,"column":15},"end":{"line":44,"column":77}}]},"5":{"type":"branch","line":45,"loc":{"start":{"line":45,"column":15},"end":{"line":45,"column":55}},"locations":[{"start":{"line":45,"column":15},"end":{"line":45,"column":55}}]},"6":{"type":"branch","line":46,"loc":{"start":{"line":46,"column":15},"end":{"line":46,"column":38}},"locations":[{"start":{"line":46,"column":15},"end":{"line":46,"column":38}}]},"7":{"type":"branch","line":47,"loc":{"start":{"line":47,"column":4},"end":{"line":73,"column":5}},"locations":[{"start":{"line":47,"column":4},"end":{"line":73,"column":5}}]},"8":{"type":"branch","line":48,"loc":{"start":{"line":48,"column":53},"end":{"line":52,"column":5}},"locations":[{"start":{"line":48,"column":53},"end":{"line":52,"column":5}}]},"9":{"type":"branch","line":53,"loc":{"start":{"line":53,"column":52},"end":{"line":57,"column":5}},"locations":[{"start":{"line":53,"column":52},"end":{"line":57,"column":5}}]},"10":{"type":"branch","line":58,"loc":{"start":{"line":58,"column":64},"end":{"line":62,"column":5}},"locations":[{"start":{"line":58,"column":64},"end":{"line":62,"column":5}}]},"11":{"type":"branch","line":63,"loc":{"start":{"line":63,"column":48},"end":{"line":66,"column":5}},"locations":[{"start":{"line":63,"column":48},"end":{"line":66,"column":5}}]},"12":{"type":"branch","line":67,"loc":{"start":{"line":67,"column":51},"end":{"line":70,"column":5}},"locations":[{"start":{"line":67,"column":51},"end":{"line":70,"column":5}}]},"13":{"type":"branch","line":72,"loc":{"start":{"line":72,"column":15},"end":{"line":72,"column":38}},"locations":[{"start":{"line":72,"column":15},"end":{"line":72,"column":38}}]},"14":{"type":"branch","line":76,"loc":{"start":{"line":76,"column":32},"end":{"line":89,"column":5}},"locations":[{"start":{"line":76,"column":32},"end":{"line":89,"column":5}}]},"15":{"type":"branch","line":78,"loc":{"start":{"line":78,"column":31},"end":{"line":78,"column":62}},"locations":[{"start":{"line":78,"column":31},"end":{"line":78,"column":62}}]},"16":{"type":"branch","line":79,"loc":{"start":{"line":79,"column":8},"end":{"line":79,"column":16}},"locations":[{"start":{"line":79,"column":8},"end":{"line":79,"column":16}}]},"17":{"type":"branch","line":79,"loc":{"start":{"line":79,"column":8},"end":{"line":81,"column":36}},"locations":[{"start":{"line":79,"column":8},"end":{"line":81,"column":36}}]},"18":{"type":"branch","line":81,"loc":{"start":{"line":81,"column":36},"end":{"line":88,"column":7}},"locations":[{"start":{"line":81,"column":36},"end":{"line":88,"column":7}}]},"19":{"type":"branch","line":82,"loc":{"start":{"line":82,"column":38},"end":{"line":84,"column":9}},"locations":[{"start":{"line":82,"column":38},"end":{"line":84,"column":9}}]},"20":{"type":"branch","line":83,"loc":{"start":{"line":83,"column":50},"end":{"line":83,"column":64}},"locations":[{"start":{"line":83,"column":50},"end":{"line":83,"column":64}}]},"21":{"type":"branch","line":87,"loc":{"start":{"line":87,"column":53},"end":{"line":87,"column":67}},"locations":[{"start":{"line":87,"column":53},"end":{"line":87,"column":67}}]},"22":{"type":"branch","line":115,"loc":{"start":{"line":115,"column":7},"end":{"line":133,"column":1}},"locations":[{"start":{"line":115,"column":7},"end":{"line":133,"column":1}}]},"23":{"type":"branch","line":119,"loc":{"start":{"line":119,"column":4},"end":{"line":129,"column":6}},"locations":[{"start":{"line":119,"column":4},"end":{"line":129,"column":6}}]},"24":{"type":"branch","line":121,"loc":{"start":{"line":121,"column":8},"end":{"line":121,"column":14}},"locations":[{"start":{"line":121,"column":8},"end":{"line":121,"column":14}}]},"25":{"type":"branch","line":121,"loc":{"start":{"line":121,"column":8},"end":{"line":123,"column":76}},"locations":[{"start":{"line":121,"column":8},"end":{"line":123,"column":76}}]},"26":{"type":"branch","line":123,"loc":{"start":{"line":123,"column":76},"end":{"line":125,"column":7}},"locations":[{"start":{"line":123,"column":76},"end":{"line":125,"column":7}}]},"27":{"type":"branch","line":125,"loc":{"start":{"line":125,"column":6},"end":{"line":128,"column":7}},"locations":[{"start":{"line":125,"column":6},"end":{"line":128,"column":7}}]}},"b":{"0":[3],"1":[19],"2":[0],"3":[3],"4":[0],"5":[2],"6":[1],"7":[16],"8":[0],"9":[0],"10":[0],"11":[0],"12":[0],"13":[4],"14":[120],"15":[43],"16":[92],"17":[28],"18":[14],"19":[2],"20":[0],"21":[0],"22":[1],"23":[5],"24":[4],"25":[1],"26":[0],"27":[1]},"fnMap":{"0":{"name":"deepWalk","decl":{"start":{"line":37,"column":7},"end":{"line":95,"column":1}},"loc":{"start":{"line":37,"column":7},"end":{"line":95,"column":1}},"line":37},"1":{"name":"walk","decl":{"start":{"line":38,"column":2},"end":{"line":90,"column":3}},"loc":{"start":{"line":38,"column":2},"end":{"line":90,"column":3}},"line":38},"2":{"name":"deepRemovePosition","decl":{"start":{"line":101,"column":7},"end":{"line":113,"column":1}},"loc":{"start":{"line":101,"column":7},"end":{"line":113,"column":1}},"line":101},"3":{"name":"getPreviousNodes","decl":{"start":{"line":115,"column":7},"end":{"line":133,"column":1}},"loc":{"start":{"line":115,"column":7},"end":{"line":133,"column":1}},"line":115},"4":{"name":"All","decl":{"start":{"line":119,"column":4},"end":{"line":129,"column":6}},"loc":{"start":{"line":119,"column":4},"end":{"line":129,"column":6}},"line":119}},"f":{"0":3,"1":19,"2":0,"3":1,"4":5}}
}
